
Attaching package: ‘dplyr’

The following objects are masked from ‘package:stats’:

    filter, lag

The following objects are masked from ‘package:base’:

    intersect, setdiff, setequal, union

Warning message:
package ‘dplyr’ was built under R version 4.2.3 
Warning message:
There were 6 warnings in `mutate()`.
The first warning was:
ℹ In argument: `B_vh = ifelse(...)`.
Caused by warning in `sqrt()`:
! NaNs produced
ℹ Run `dplyr::last_dplyr_warnings()` to see the 5 remaining warnings. 

Attaching package: ‘dplyr’

The following objects are masked from ‘package:stats’:

    filter, lag

The following objects are masked from ‘package:base’:

    intersect, setdiff, setequal, union

Warning message:
package ‘dplyr’ was built under R version 4.2.3 
Warning message:
There were 6 warnings in `mutate()`.
The first warning was:
ℹ In argument: `B_vh = ifelse(...)`.
Caused by warning in `sqrt()`:
! NaNs produced
ℹ Run `dplyr::last_dplyr_warnings()` to see the 5 remaining warnings. 

Attaching package: ‘dplyr’

The following objects are masked from ‘package:stats’:

    filter, lag

The following objects are masked from ‘package:base’:

    intersect, setdiff, setequal, union

Warning message:
package ‘dplyr’ was built under R version 4.2.3 
Warning message:
There were 6 warnings in `mutate()`.
The first warning was:
ℹ In argument: `B_vh = ifelse(...)`.
Caused by warning in `sqrt()`:
! NaNs produced
ℹ Run `dplyr::last_dplyr_warnings()` to see the 5 remaining warnings. 
